<?xml version="1.0" encoding="UTF-8"?>
<!-- Generated by org.testng.reporters.JUnitXMLReporter -->
<testsuite hostname="RAJKAMAL" ignored="3" name="Test" tests="1" failures="0" timestamp="30 Oct 2021 12:19:18 GMT" time="0.032" errors="0">
  <testcase name="mobile" time="0.005" classname="com.Features.Ignore_Concept"/>
  <testcase name="earphones" time="0.0" classname="com.Features.Ignore_Concept">
    <ignored/>
  </testcase> <!-- earphones -->
  <testcase name="laptop" time="0.0" classname="com.Features.Ignore_Concept">
    <ignored/>
  </testcase> <!-- laptop -->
  <testcase name="books" time="0.0" classname="com.Features.Ignore_Concept">
    <ignored/>
  </testcase> <!-- books -->
</testsuite> <!-- Test -->
