<?xml version="1.0" encoding="UTF-8"?>
<testng-results skipped="0" failed="0" ignored="0" total="4" passed="4">
  <reporter-output>
  </reporter-output>
  <suite name="Default suite" duration-ms="49" started-at="2021-10-30T12:21:48Z" finished-at="2021-10-30T12:21:48Z">
    <groups>
    </groups>
    <test name="Default test" duration-ms="49" started-at="2021-10-30T12:21:48Z" finished-at="2021-10-30T12:21:48Z">
      <class name="com.Features.Priority_Test">
        <test-method status="PASS" signature="mobile()[pri:-1, instance:com.Features.Priority_Test@6b19b79]" name="mobile" duration-ms="10" started-at="2021-10-30T12:21:48Z" finished-at="2021-10-30T12:21:48Z">
          <reporter-output>
          </reporter-output>
        </test-method> <!-- mobile -->
        <test-method status="PASS" signature="books()[pri:0, instance:com.Features.Priority_Test@6b19b79]" name="books" duration-ms="2" started-at="2021-10-30T12:21:48Z" finished-at="2021-10-30T12:21:48Z">
          <reporter-output>
          </reporter-output>
        </test-method> <!-- books -->
        <test-method status="PASS" signature="earphones()[pri:0, instance:com.Features.Priority_Test@6b19b79]" name="earphones" duration-ms="1" started-at="2021-10-30T12:21:48Z" finished-at="2021-10-30T12:21:48Z">
          <reporter-output>
          </reporter-output>
        </test-method> <!-- earphones -->
        <test-method status="PASS" signature="laptop()[pri:1, instance:com.Features.Priority_Test@6b19b79]" name="laptop" duration-ms="2" started-at="2021-10-30T12:21:48Z" finished-at="2021-10-30T12:21:48Z">
          <reporter-output>
          </reporter-output>
        </test-method> <!-- laptop -->
      </class> <!-- com.Features.Priority_Test -->
    </test> <!-- Default test -->
  </suite> <!-- Default suite -->
</testng-results>
